[17:39:04.702][info] [#0:C:/Users/mattia.dallantonia/AppData/Local/nvim-data/mason/packages/lua-language-server\main.lua:66]: Lua Lsp startup, root: 	C:/Users/mattia.dallantonia/AppData/Local/nvim-data/mason/packages/lua-language-server
[17:39:04.702][info] [#0:C:/Users/mattia.dallantonia/AppData/Local/nvim-data/mason/packages/lua-language-server\main.lua:67]: ROOT:	C:/Users/mattia.dallantonia/AppData/Local/nvim-data/mason/packages/lua-language-server
[17:39:04.702][info] [#0:C:/Users/mattia.dallantonia/AppData/Local/nvim-data/mason/packages/lua-language-server\main.lua:68]: LOGPATH:	C:/Users/mattia.dallantonia/AppData/Local/nvim-data/mason/packages/lua-language-server/log
[17:39:04.702][info] [#0:C:/Users/mattia.dallantonia/AppData/Local/nvim-data/mason/packages/lua-language-server\main.lua:69]: METAPATH:	C:/Users/mattia.dallantonia/AppData/Local/nvim-data/mason/packages/lua-language-server/meta
[17:39:04.702][info] [#0:C:/Users/mattia.dallantonia/AppData/Local/nvim-data/mason/packages/lua-language-server\main.lua:70]: VERSION:	3.6.19
[17:39:04.859][info] [#0:script\service\service.lua:144]: 
========= Medical Examination Report =========
    --------------- Memory ---------------
        Total: 2.117 MB
        # 00 : 2.117 MB
        # 01 : 0.000 MB
        # 02 : 0.000 MB
        # 03 : 0.000 MB
        # 04 : 0.000 MB
    --------------- Coroutine ---------------
        Total:     0
        Running:   0
        Suspended: 0
        Normal:    0
        Dead:      0
    --------------- Cache ---------------
        Total: 1
        Dead:  0
    ---------------  RPC  ---------------
        Holdon:   0
        Waiting:  0
==============================================
[17:39:04.874][info] [#0:script\client.lua:657]: Client init	{
  capabilities = {
    callHierarchy = {
      dynamicRegistration = false
    },
    textDocument = {
      codeAction = {
        codeActionLiteralSupport = {
          codeActionKind = {
            valueSet = { "", "Empty", "QuickFix", "Refactor", "RefactorExtract", "RefactorInline", "RefactorRewrite", "Source", "SourceOrganizeImports", "quickfix", "refactor", "refactor.extract", "refactor.inline", "refactor.rewrite", "source", "source.organizeImports" }
          }
        },
        dataSupport = true,
        dynamicRegistration = false,
        isPreferredSupport = true,
        resolveSupport = {
          properties = { "edit" }
        }
      },
      completion = {
        completionItem = {
          commitCharactersSupport = true,
          deprecatedSupport = true,
          documentationFormat = { "markdown", "plaintext" },
          insertReplaceSupport = true,
          labelDetailsSupport = true,
          preselectSupport = true,
          resolveSupport = {
            properties = { "documentation", "detail", "additionalTextEdits" }
          },
          snippetSupport = true,
          tagSupport = {
            valueSet = { 1 }
          }
        },
        completionItemKind = {
          valueSet = { 1, 2, 3, 4, 5, 6, 7, 8, 9, 10, 11, 12, 13, 14, 15, 16, 17, 18, 19, 20, 21, 22, 23, 24, 25 }
        },
        contextSupport = false,
        dynamicRegistration = false
      },
      declaration = {
        linkSupport = true
      },
      definition = {
        linkSupport = true
      },
      documentHighlight = {
        dynamicRegistration = false
      },
      documentSymbol = {
        dynamicRegistration = false,
        hierarchicalDocumentSymbolSupport = true,
        symbolKind = {
          valueSet = { 1, 2, 3, 4, 5, 6, 7, 8, 9, 10, 11, 12, 13, 14, 15, 16, 17, 18, 19, 20, 21, 22, 23, 24, 25, 26 }
        }
      },
      hover = {
        contentFormat = { "markdown", "plaintext" },
        dynamicRegistration = false
      },
      implementation = {
        linkSupport = true
      },
      publishDiagnostics = {
        relatedInformation = true,
        tagSupport = {
          valueSet = { 1, 2 }
        }
      },
      references = {
        dynamicRegistration = false
      },
      rename = {
        dynamicRegistration = false,
        prepareSupport = true
      },
      signatureHelp = {
        dynamicRegistration = false,
        signatureInformation = {
          activeParameterSupport = true,
          documentationFormat = { "markdown", "plaintext" },
          parameterInformation = {
            labelOffsetSupport = true
          }
        }
      },
      synchronization = {
        didSave = true,
        dynamicRegistration = false,
        willSave = false,
        willSaveWaitUntil = false
      },
      typeDefinition = {
        linkSupport = true
      }
    },
    window = {
      showDocument = {
        support = false
      },
      showMessage = {
        messageActionItem = {
          additionalPropertiesSupport = false
        }
      },
      workDoneProgress = true
    },
    workspace = {
      applyEdit = true,
      configuration = true,
      symbol = {
        dynamicRegistration = false,
        hierarchicalWorkspaceSymbolSupport = true,
        symbolKind = {
          valueSet = { 1, 2, 3, 4, 5, 6, 7, 8, 9, 10, 11, 12, 13, 14, 15, 16, 17, 18, 19, 20, 21, 22, 23, 24, 25, 26 }
        }
      },
      workspaceEdit = {
        resourceOperations = { "rename", "create", "delete" }
      },
      workspaceFolders = true
    }
  },
  clientInfo = {
    name = "Neovim",
    version = "0.8.3"
  },
  initializationOptions = {},
  processId = 26704,
  rootPath = "C:\\Users\\mattia.dallantonia\\AppData\\Local\\nvim",
  rootUri = "file:///C:/Users/mattia.dallantonia/AppData/Local/nvim",
  trace = "off",
  workspaceFolders = { {
      name = "C:/Users/mattia.dallantonia/AppData/Local/nvim",
      uri = "file:///C:/Users/mattia.dallantonia/AppData/Local/nvim"
    } }
}
[17:39:04.874][info] [#0:script\language.lua:137]: VSC language: nil
[17:39:04.874][info] [#0:script\language.lua:138]: LS  language: en-us
[17:39:04.890][info] [#0:script\workspace\workspace.lua:38]: Workspace init root: 	file:///C:/Users/mattia.dallantonia/AppData/Local/nvim
[17:39:04.890][info] [#0:script\workspace\workspace.lua:42]: Log path: 	C:/Users/mattia.dallantonia/AppData/Local/nvim-data/mason/packages/lua-language-server/log/file_C_Users_mattia.dallantonia_AppData_Local_nvim.log
[17:39:04.921][info] [#0:script\workspace\workspace.lua:48]: Workspace create: 	file:///c%3A/Users/mattia.dallantonia/AppData/Local/nvim
[17:39:05.031][info] [#0:script\provider\provider.lua:46]: Load config from client	file:///c%3A/Users/mattia.dallantonia/AppData/Local/nvim
[17:39:05.031][info] [#0:script\provider\provider.lua:47]: {
  Lua = {
    diagnostics = {
      globals = { "vim" }
    },
    telemetry = {
      enable = false
    },
    workspace = {
      library = {
        ["C:\\Users\\mattia.dallantonia\\AppData\\Local\\nvim-data/lazy/extensions/nvchad_types"] = true,
        ["C:\\Users\\mattia.dallantonia\\AppData\\Local\\nvim-data/lazy/lazy.nvim/lua/lazy"] = true,
        ["C:\\tools\\neovim\\nvim-win64\\share\\nvim\\runtime\\lua"] = true,
        ["C:\\tools\\neovim\\nvim-win64\\share\\nvim\\runtime\\lua\\vim\\lsp"] = true
      },
      maxPreload = 100000,
      preloadFileSize = 10000
    }
  }
}
[17:39:05.031][info] [#0:script\provider\provider.lua:46]: Load config from client	file:///c%3A/Users/mattia.dallantonia/AppData/Local/nvim
[17:39:05.031][info] [#0:script\provider\provider.lua:47]: {
  Lua = {
    diagnostics = {
      globals = { "vim" }
    },
    telemetry = {
      enable = false
    },
    workspace = {
      library = {
        ["C:\\Users\\mattia.dallantonia\\AppData\\Local\\nvim-data/lazy/extensions/nvchad_types"] = true,
        ["C:\\Users\\mattia.dallantonia\\AppData\\Local\\nvim-data/lazy/lazy.nvim/lua/lazy"] = true,
        ["C:\\tools\\neovim\\nvim-win64\\share\\nvim\\runtime\\lua"] = true,
        ["C:\\tools\\neovim\\nvim-win64\\share\\nvim\\runtime\\lua\\vim\\lsp"] = true
      },
      maxPreload = 100000,
      preloadFileSize = 10000
    }
  }
}
[17:39:05.031][info] [#0:script\provider\provider.lua:46]: Load config from client	file:///c%3A/Users/mattia.dallantonia/AppData/Local/nvim
[17:39:05.031][info] [#0:script\provider\provider.lua:47]: {
  Lua = {
    diagnostics = {
      globals = { "vim" }
    },
    telemetry = {
      enable = false
    },
    workspace = {
      library = {
        ["C:\\Users\\mattia.dallantonia\\AppData\\Local\\nvim-data/lazy/extensions/nvchad_types"] = true,
        ["C:\\Users\\mattia.dallantonia\\AppData\\Local\\nvim-data/lazy/lazy.nvim/lua/lazy"] = true,
        ["C:\\tools\\neovim\\nvim-win64\\share\\nvim\\runtime\\lua"] = true,
        ["C:\\tools\\neovim\\nvim-win64\\share\\nvim\\runtime\\lua\\vim\\lsp"] = true
      },
      maxPreload = 100000,
      preloadFileSize = 10000
    }
  }
}
[17:39:05.031][info] [#0:script\provider\provider.lua:61]: Load config from client	fallback
[17:39:05.031][info] [#0:script\provider\provider.lua:62]: {
  Lua = {
    diagnostics = {
      globals = { "vim" }
    },
    telemetry = {
      enable = false
    },
    workspace = {
      library = {
        ["C:\\Users\\mattia.dallantonia\\AppData\\Local\\nvim-data/lazy/extensions/nvchad_types"] = true,
        ["C:\\Users\\mattia.dallantonia\\AppData\\Local\\nvim-data/lazy/lazy.nvim/lua/lazy"] = true,
        ["C:\\tools\\neovim\\nvim-win64\\share\\nvim\\runtime\\lua"] = true,
        ["C:\\tools\\neovim\\nvim-win64\\share\\nvim\\runtime\\lua\\vim\\lsp"] = true
      },
      maxPreload = 100000,
      preloadFileSize = 10000
    }
  }
}
[17:39:05.031][info] [#0:script\library.lua:212]: Init builtin library at:	file:///c%3A/Users/mattia.dallantonia/AppData/Local/nvim
[17:39:05.077][info] [#0:script\plugin.lua:86]: plugin path:	C:\Users\mattia.dallantonia\AppData\Local\nvim
[17:39:05.077][warn] [#0:script\plugin.lua:101]: plugin not found:	C:\Users\mattia.dallantonia\AppData\Local\nvim
[17:39:05.077][info] [#0:script\library.lua:212]: Init builtin library at:	nil
[17:39:05.124][info] [#0:script\provider\provider.lua:61]: Load config from client	fallback
[17:39:05.124][info] [#0:script\provider\provider.lua:62]: {
  Lua = {
    diagnostics = {
      globals = { "vim" }
    },
    telemetry = {
      enable = false
    },
    workspace = {
      library = {
        ["C:\\Users\\mattia.dallantonia\\AppData\\Local\\nvim-data/lazy/extensions/nvchad_types"] = true,
        ["C:\\Users\\mattia.dallantonia\\AppData\\Local\\nvim-data/lazy/lazy.nvim/lua/lazy"] = true,
        ["C:\\tools\\neovim\\nvim-win64\\share\\nvim\\runtime\\lua"] = true,
        ["C:\\tools\\neovim\\nvim-win64\\share\\nvim\\runtime\\lua\\vim\\lsp"] = true
      },
      maxPreload = 100000,
      preloadFileSize = 10000
    }
  }
}
[17:39:05.124][info] [#0:script\provider\provider.lua:61]: Load config from client	fallback
[17:39:05.124][info] [#0:script\provider\provider.lua:62]: {
  Lua = {
    diagnostics = {
      globals = { "vim" }
    },
    telemetry = {
      enable = false
    },
    workspace = {
      library = {
        ["C:\\Users\\mattia.dallantonia\\AppData\\Local\\nvim-data/lazy/extensions/nvchad_types"] = true,
        ["C:\\Users\\mattia.dallantonia\\AppData\\Local\\nvim-data/lazy/lazy.nvim/lua/lazy"] = true,
        ["C:\\tools\\neovim\\nvim-win64\\share\\nvim\\runtime\\lua"] = true,
        ["C:\\tools\\neovim\\nvim-win64\\share\\nvim\\runtime\\lua\\vim\\lsp"] = true
      },
      maxPreload = 100000,
      preloadFileSize = 10000
    }
  }
}
[17:39:05.124][info] [#0:script\workspace\workspace.lua:322]: Preload start:	file:///c%3A/Users/mattia.dallantonia/AppData/Local/nvim
[17:39:05.140][info] [#0:script\workspace\workspace.lua:328]: Scan files at:	file:///c%3A/Users/mattia.dallantonia/AppData/Local/nvim
[17:39:05.140][info] [#0:script\workspace\workspace.lua:322]: Preload start:	<fallback>
[17:39:05.140][info] [#0:script\workspace\workspace.lua:351]: Scan library at:	file:///c%3A/Users/mattia.dallantonia/AppData/Local/nvim-data/mason/packages/lua-language-server/meta/Lua%205.4%20en-us%20utf8/debug.lua
[17:39:05.140][info] [#0:script\workspace\workspace.lua:351]: Scan library at:	file:///c%3A/Users/mattia.dallantonia/AppData/Local/nvim-data/mason/packages/lua-language-server/meta/Lua%205.4%20en-us%20utf8/coroutine.lua
[17:39:05.156][info] [#0:script\workspace\workspace.lua:351]: Scan library at:	file:///c%3A/Users/mattia.dallantonia/AppData/Local/nvim-data/mason/packages/lua-language-server/meta/Lua%205.4%20en-us%20utf8/string.lua
[17:39:05.156][info] [#0:script\workspace\workspace.lua:351]: Scan library at:	file:///c%3A/Users/mattia.dallantonia/AppData/Local/nvim-data/lazy/lazy.nvim/lua/lazy
[17:39:05.171][info] [#0:script\workspace\workspace.lua:351]: Scan library at:	file:///c%3A/Users/mattia.dallantonia/AppData/Local/nvim-data/mason/packages/lua-language-server/meta/Lua%205.4%20en-us%20utf8/debug.lua
[17:39:05.171][info] [#0:script\workspace\workspace.lua:351]: Scan library at:	file:///c%3A/Users/mattia.dallantonia/AppData/Local/nvim-data/mason/packages/lua-language-server/meta/Lua%205.4%20en-us%20utf8/coroutine.lua
[17:39:05.171][info] [#0:script\workspace\workspace.lua:351]: Scan library at:	file:///c%3A/Users/mattia.dallantonia/AppData/Local/nvim-data/mason/packages/lua-language-server/meta/Lua%205.4%20en-us%20utf8/string.lua
[17:39:05.171][info] [#0:script\workspace\workspace.lua:351]: Scan library at:	file:///c%3A/Users/mattia.dallantonia/AppData/Local/nvim-data/lazy/lazy.nvim/lua/lazy
[17:39:05.187][info] [#0:script\workspace\workspace.lua:351]: Scan library at:	file:///c%3A/Users/mattia.dallantonia/AppData/Local/nvim-data/mason/packages/lua-language-server/meta/Lua%205.4%20en-us%20utf8/math.lua
[17:39:05.187][info] [#0:script\workspace\workspace.lua:351]: Scan library at:	file:///c%3A/Users/mattia.dallantonia/AppData/Local/nvim-data/mason/packages/lua-language-server/meta/Lua%205.4%20en-us%20utf8/package.lua
[17:39:05.187][info] [#0:script\workspace\workspace.lua:351]: Scan library at:	file:///c%3A/tools/neovim/nvim-win64/share/nvim/runtime/lua
[17:39:05.234][info] [#0:script\workspace\workspace.lua:351]: Scan library at:	file:///c%3A/Users/mattia.dallantonia/AppData/Local/nvim-data/mason/packages/lua-language-server/meta/Lua%205.4%20en-us%20utf8/math.lua
[17:39:05.234][info] [#0:script\workspace\workspace.lua:351]: Scan library at:	file:///c%3A/Users/mattia.dallantonia/AppData/Local/nvim-data/mason/packages/lua-language-server/meta/Lua%205.4%20en-us%20utf8/package.lua
[17:39:05.234][info] [#0:script\workspace\workspace.lua:351]: Scan library at:	file:///c%3A/tools/neovim/nvim-win64/share/nvim/runtime/lua
[17:39:05.249][info] [#0:script\workspace\workspace.lua:351]: Scan library at:	file:///c%3A/Users/mattia.dallantonia/AppData/Local/nvim-data/mason/packages/lua-language-server/meta/Lua%205.4%20en-us%20utf8/builtin.lua
[17:39:05.249][info] [#0:script\workspace\workspace.lua:351]: Scan library at:	file:///c%3A/tools/neovim/nvim-win64/share/nvim/runtime/lua/vim/lsp
[17:39:05.249][info] [#0:script\workspace\workspace.lua:351]: Scan library at:	file:///c%3A/Users/mattia.dallantonia/AppData/Local/nvim-data/mason/packages/lua-language-server/meta/Lua%205.4%20en-us%20utf8/basic.lua
[17:39:05.249][info] [#0:script\workspace\workspace.lua:351]: Scan library at:	file:///c%3A/Users/mattia.dallantonia/AppData/Local/nvim-data/mason/packages/lua-language-server/meta/Lua%205.4%20en-us%20utf8/io.lua
[17:39:05.249][info] [#0:script\workspace\workspace.lua:351]: Scan library at:	file:///c%3A/Users/mattia.dallantonia/AppData/Local/nvim-data/lazy/extensions/nvchad_types
[17:39:05.249][info] [#0:script\workspace\workspace.lua:351]: Scan library at:	file:///c%3A/Users/mattia.dallantonia/AppData/Local/nvim-data/mason/packages/lua-language-server/meta/Lua%205.4%20en-us%20utf8/table.lua
[17:39:05.249][info] [#0:script\workspace\workspace.lua:351]: Scan library at:	file:///c%3A/Users/mattia.dallantonia/AppData/Local/nvim-data/mason/packages/lua-language-server/meta/Lua%205.4%20en-us%20utf8/utf8.lua
[17:39:05.265][info] [#0:script\workspace\workspace.lua:351]: Scan library at:	file:///c%3A/Users/mattia.dallantonia/AppData/Local/nvim-data/mason/packages/lua-language-server/meta/Lua%205.4%20en-us%20utf8/os.lua
[17:39:05.265][info] [#0:script\workspace\workspace.lua:351]: Scan library at:	file:///c%3A/Users/mattia.dallantonia/AppData/Local/nvim-data/mason/packages/lua-language-server/meta/Lua%205.4%20en-us%20utf8/builtin.lua
[17:39:05.265][info] [#0:script\workspace\workspace.lua:351]: Scan library at:	file:///c%3A/tools/neovim/nvim-win64/share/nvim/runtime/lua/vim/lsp
[17:39:05.265][info] [#0:script\workspace\workspace.lua:351]: Scan library at:	file:///c%3A/Users/mattia.dallantonia/AppData/Local/nvim-data/mason/packages/lua-language-server/meta/Lua%205.4%20en-us%20utf8/basic.lua
[17:39:05.265][info] [#0:script\workspace\workspace.lua:351]: Scan library at:	file:///c%3A/Users/mattia.dallantonia/AppData/Local/nvim-data/mason/packages/lua-language-server/meta/Lua%205.4%20en-us%20utf8/io.lua
[17:39:05.265][info] [#0:script\workspace\workspace.lua:351]: Scan library at:	file:///c%3A/Users/mattia.dallantonia/AppData/Local/nvim-data/lazy/extensions/nvchad_types
[17:39:05.265][info] [#0:script\workspace\workspace.lua:351]: Scan library at:	file:///c%3A/Users/mattia.dallantonia/AppData/Local/nvim-data/mason/packages/lua-language-server/meta/Lua%205.4%20en-us%20utf8/table.lua
[17:39:05.265][info] [#0:script\workspace\workspace.lua:351]: Scan library at:	file:///c%3A/Users/mattia.dallantonia/AppData/Local/nvim-data/mason/packages/lua-language-server/meta/Lua%205.4%20en-us%20utf8/utf8.lua
[17:39:05.265][info] [#0:script\workspace\workspace.lua:351]: Scan library at:	file:///c%3A/Users/mattia.dallantonia/AppData/Local/nvim-data/mason/packages/lua-language-server/meta/Lua%205.4%20en-us%20utf8/os.lua
[17:39:05.374][info] [#0:script\workspace\workspace.lua:377]: Found 107 files at:	<fallback>
[17:39:05.374][info] [#0:script\workspace\loading.lua:161]: Load files from disk:	<fallback>
[17:39:05.374][info] [#0:script\workspace\workspace.lua:377]: Found 123 files at:	file:///c%3A/Users/mattia.dallantonia/AppData/Local/nvim
[17:39:05.374][info] [#0:script\workspace\loading.lua:161]: Load files from disk:	file:///c%3A/Users/mattia.dallantonia/AppData/Local/nvim
[17:39:05.374][info] [#0:script\workspace\loading.lua:101]: Preload file at: file:///c%3A/Users/mattia.dallantonia/AppData/Local/nvim-data/mason/packages/lua-language-server/meta/Lua%205.4%20en-us%20utf8/os.lua , size = 4.347 KB
[17:39:05.390][info] [#0:script\workspace\loading.lua:113]: ++++As library of:	file:///c%3A/Users/mattia.dallantonia/AppData/Local/nvim-data/mason/packages/lua-language-server/meta/Lua%205.4%20en-us%20utf8/os.lua
[17:39:05.390][info] [#0:script\workspace\loading.lua:98]: Skip loaded file: file:///c%3A/Users/mattia.dallantonia/AppData/Local/nvim-data/mason/packages/lua-language-server/meta/Lua%205.4%20en-us%20utf8/os.lua
[17:39:05.390][info] [#0:script\workspace\loading.lua:101]: Preload file at: file:///c%3A/Users/mattia.dallantonia/AppData/Local/nvim-data/mason/packages/lua-language-server/meta/Lua%205.4%20en-us%20utf8/utf8.lua , size = 2.386 KB
[17:39:05.390][info] [#0:script\workspace\loading.lua:113]: ++++As library of:	file:///c%3A/Users/mattia.dallantonia/AppData/Local/nvim-data/mason/packages/lua-language-server/meta/Lua%205.4%20en-us%20utf8/utf8.lua
[17:39:05.390][info] [#0:script\workspace\loading.lua:98]: Skip loaded file: file:///c%3A/Users/mattia.dallantonia/AppData/Local/nvim-data/mason/packages/lua-language-server/meta/Lua%205.4%20en-us%20utf8/utf8.lua
[17:39:05.390][info] [#0:script\workspace\loading.lua:101]: Preload file at: file:///c%3A/Users/mattia.dallantonia/AppData/Local/nvim-data/mason/packages/lua-language-server/meta/Lua%205.4%20en-us%20utf8/table.lua , size = 4.230 KB
[17:39:05.406][info] [#0:script\workspace\loading.lua:113]: ++++As library of:	file:///c%3A/Users/mattia.dallantonia/AppData/Local/nvim-data/mason/packages/lua-language-server/meta/Lua%205.4%20en-us%20utf8/table.lua
[17:39:05.406][info] [#0:script\workspace\loading.lua:98]: Skip loaded file: file:///c%3A/Users/mattia.dallantonia/AppData/Local/nvim-data/mason/packages/lua-language-server/meta/Lua%205.4%20en-us%20utf8/table.lua
[17:39:05.406][info] [#0:script\workspace\loading.lua:101]: Preload file at: file:///c%3A/Users/mattia.dallantonia/AppData/Local/nvim-data/lazy/extensions/nvchad_types/all_hl_groups.lua , size = 32.484 KB
[17:39:05.437][info] [#0:script\workspace\loading.lua:113]: ++++As library of:	file:///c%3A/Users/mattia.dallantonia/AppData/Local/nvim-data/lazy/extensions/nvchad_types
[17:39:05.437][info] [#0:script\workspace\loading.lua:98]: Skip loaded file: file:///c%3A/Users/mattia.dallantonia/AppData/Local/nvim-data/lazy/extensions/nvchad_types/all_hl_groups.lua
[17:39:05.437][info] [#0:script\workspace\loading.lua:101]: Preload file at: file:///c%3A/Users/mattia.dallantonia/AppData/Local/nvim-data/lazy/extensions/nvchad_types/base46.lua , size = 4.207 KB
[17:39:05.437][info] [#0:script\workspace\loading.lua:113]: ++++As library of:	file:///c%3A/Users/mattia.dallantonia/AppData/Local/nvim-data/lazy/extensions/nvchad_types
[17:39:05.437][info] [#0:script\workspace\loading.lua:98]: Skip loaded file: file:///c%3A/Users/mattia.dallantonia/AppData/Local/nvim-data/lazy/extensions/nvchad_types/base46.lua
[17:39:05.437][info] [#0:script\workspace\loading.lua:101]: Preload file at: file:///c%3A/Users/mattia.dallantonia/AppData/Local/nvim-data/lazy/extensions/nvchad_types/chadrc.lua , size = 8.734 KB
[17:39:05.452][info] [#0:script\workspace\loading.lua:113]: ++++As library of:	file:///c%3A/Users/mattia.dallantonia/AppData/Local/nvim-data/lazy/extensions/nvchad_types
[17:39:05.452][info] [#0:script\workspace\loading.lua:98]: Skip loaded file: file:///c%3A/Users/mattia.dallantonia/AppData/Local/nvim-data/lazy/extensions/nvchad_types/chadrc.lua
[17:39:05.452][info] [#0:script\workspace\loading.lua:101]: Preload file at: file:///c%3A/Users/mattia.dallantonia/AppData/Local/nvim-data/lazy/extensions/nvchad_types/keymaps.lua , size = 1.489 KB
[17:39:05.452][info] [#0:script\workspace\loading.lua:113]: ++++As library of:	file:///c%3A/Users/mattia.dallantonia/AppData/Local/nvim-data/lazy/extensions/nvchad_types
[17:39:05.452][info] [#0:script\workspace\loading.lua:98]: Skip loaded file: file:///c%3A/Users/mattia.dallantonia/AppData/Local/nvim-data/lazy/extensions/nvchad_types/keymaps.lua
[17:39:05.452][info] [#0:script\workspace\loading.lua:101]: Preload file at: file:///c%3A/Users/mattia.dallantonia/AppData/Local/nvim-data/lazy/extensions/nvchad_types/plugins.lua , size = 4.954 KB
[17:39:05.452][info] [#0:script\workspace\loading.lua:113]: ++++As library of:	file:///c%3A/Users/mattia.dallantonia/AppData/Local/nvim-data/lazy/extensions/nvchad_types
[17:39:05.452][info] [#0:script\workspace\loading.lua:101]: Preload file at: file:///c%3A/Users/mattia.dallantonia/AppData/Local/nvim-data/lazy/extensions/nvchad_types/themes.lua , size = 4.818 KB
[17:39:05.468][info] [#0:script\workspace\loading.lua:113]: ++++As library of:	file:///c%3A/Users/mattia.dallantonia/AppData/Local/nvim-data/lazy/extensions/nvchad_types
[17:39:05.468][info] [#0:script\workspace\loading.lua:98]: Skip loaded file: file:///c%3A/Users/mattia.dallantonia/AppData/Local/nvim-data/lazy/extensions/nvchad_types/plugins.lua
[17:39:05.468][info] [#0:script\workspace\loading.lua:98]: Skip loaded file: file:///c%3A/Users/mattia.dallantonia/AppData/Local/nvim-data/lazy/extensions/nvchad_types/themes.lua
[17:39:05.468][info] [#0:script\workspace\loading.lua:101]: Preload file at: file:///c%3A/Users/mattia.dallantonia/AppData/Local/nvim-data/mason/packages/lua-language-server/meta/Lua%205.4%20en-us%20utf8/io.lua , size = 6.364 KB
[17:39:05.468][info] [#0:script\workspace\loading.lua:113]: ++++As library of:	file:///c%3A/Users/mattia.dallantonia/AppData/Local/nvim-data/mason/packages/lua-language-server/meta/Lua%205.4%20en-us%20utf8/io.lua
[17:39:05.468][info] [#0:script\workspace\loading.lua:98]: Skip loaded file: file:///c%3A/Users/mattia.dallantonia/AppData/Local/nvim-data/mason/packages/lua-language-server/meta/Lua%205.4%20en-us%20utf8/io.lua
[17:39:05.468][info] [#0:script\workspace\loading.lua:101]: Preload file at: file:///c%3A/Users/mattia.dallantonia/AppData/Local/nvim-data/mason/packages/lua-language-server/meta/Lua%205.4%20en-us%20utf8/basic.lua , size = 14.160 KB
[17:39:05.484][info] [#0:script\workspace\loading.lua:113]: ++++As library of:	file:///c%3A/Users/mattia.dallantonia/AppData/Local/nvim-data/mason/packages/lua-language-server/meta/Lua%205.4%20en-us%20utf8/basic.lua
[17:39:05.484][info] [#0:script\workspace\loading.lua:98]: Skip loaded file: file:///c%3A/Users/mattia.dallantonia/AppData/Local/nvim-data/mason/packages/lua-language-server/meta/Lua%205.4%20en-us%20utf8/basic.lua
[17:39:05.484][info] [#0:script\workspace\loading.lua:101]: Preload file at: file:///c%3A/tools/neovim/nvim-win64/share/nvim/runtime/lua/vim/lsp/buf.lua , size = 35.307 KB
[17:39:05.515][info] [#0:script\workspace\loading.lua:113]: ++++As library of:	file:///c%3A/tools/neovim/nvim-win64/share/nvim/runtime/lua/vim/lsp
[17:39:05.515][info] [#0:script\workspace\loading.lua:101]: Preload file at: file:///c%3A/tools/neovim/nvim-win64/share/nvim/runtime/lua/vim/lsp/codelens.lua , size = 7.716 KB
[17:39:05.531][info] [#0:script\workspace\loading.lua:113]: ++++As library of:	file:///c%3A/tools/neovim/nvim-win64/share/nvim/runtime/lua/vim/lsp
[17:39:05.531][info] [#0:script\workspace\loading.lua:98]: Skip loaded file: file:///c%3A/tools/neovim/nvim-win64/share/nvim/runtime/lua/vim/lsp/buf.lua
[17:39:05.531][info] [#0:script\workspace\loading.lua:98]: Skip loaded file: file:///c%3A/tools/neovim/nvim-win64/share/nvim/runtime/lua/vim/lsp/codelens.lua
[17:39:05.531][info] [#0:script\workspace\loading.lua:101]: Preload file at: file:///c%3A/tools/neovim/nvim-win64/share/nvim/runtime/lua/vim/lsp/diagnostic.lua , size = 8.234 KB
[17:39:05.546][info] [#0:script\workspace\loading.lua:113]: ++++As library of:	file:///c%3A/tools/neovim/nvim-win64/share/nvim/runtime/lua/vim/lsp
[17:39:05.546][info] [#0:script\workspace\loading.lua:98]: Skip loaded file: file:///c%3A/tools/neovim/nvim-win64/share/nvim/runtime/lua/vim/lsp/diagnostic.lua
[17:39:05.546][info] [#0:script\workspace\loading.lua:101]: Preload file at: file:///c%3A/tools/neovim/nvim-win64/share/nvim/runtime/lua/vim/lsp/handlers.lua , size = 21.059 KB
[17:39:05.577][info] [#0:script\workspace\loading.lua:113]: ++++As library of:	file:///c%3A/tools/neovim/nvim-win64/share/nvim/runtime/lua/vim/lsp
[17:39:05.577][info] [#0:script\workspace\loading.lua:101]: Preload file at: file:///c%3A/tools/neovim/nvim-win64/share/nvim/runtime/lua/vim/lsp/health.lua , size = 0.945 KB
[17:39:05.577][info] [#0:script\workspace\loading.lua:113]: ++++As library of:	file:///c%3A/tools/neovim/nvim-win64/share/nvim/runtime/lua/vim/lsp
[17:39:05.577][info] [#0:script\workspace\loading.lua:98]: Skip loaded file: file:///c%3A/tools/neovim/nvim-win64/share/nvim/runtime/lua/vim/lsp/handlers.lua
[17:39:05.577][info] [#0:script\workspace\loading.lua:98]: Skip loaded file: file:///c%3A/tools/neovim/nvim-win64/share/nvim/runtime/lua/vim/lsp/health.lua
[17:39:05.577][info] [#0:script\workspace\loading.lua:101]: Preload file at: file:///c%3A/tools/neovim/nvim-win64/share/nvim/runtime/lua/vim/lsp/log.lua , size = 5.325 KB
[17:39:05.577][info] [#0:script\workspace\loading.lua:113]: ++++As library of:	file:///c%3A/tools/neovim/nvim-win64/share/nvim/runtime/lua/vim/lsp
[17:39:05.577][info] [#0:script\workspace\loading.lua:98]: Skip loaded file: file:///c%3A/tools/neovim/nvim-win64/share/nvim/runtime/lua/vim/lsp/log.lua
[17:39:05.577][info] [#0:script\workspace\loading.lua:101]: Preload file at: file:///c%3A/tools/neovim/nvim-win64/share/nvim/runtime/lua/vim/lsp/protocol.lua , size = 34.750 KB
[17:39:05.593][info] [#0:script\workspace\loading.lua:113]: ++++As library of:	file:///c%3A/tools/neovim/nvim-win64/share/nvim/runtime/lua/vim/lsp
[17:39:05.593][info] [#0:script\workspace\loading.lua:98]: Skip loaded file: file:///c%3A/tools/neovim/nvim-win64/share/nvim/runtime/lua/vim/lsp/protocol.lua
[17:39:05.593][info] [#0:script\workspace\loading.lua:101]: Preload file at: file:///c%3A/tools/neovim/nvim-win64/share/nvim/runtime/lua/vim/lsp/rpc.lua , size = 24.221 KB
[17:39:05.624][info] [#0:script\workspace\loading.lua:113]: ++++As library of:	file:///c%3A/tools/neovim/nvim-win64/share/nvim/runtime/lua/vim/lsp
[17:39:05.624][info] [#0:script\workspace\loading.lua:98]: Skip loaded file: file:///c%3A/tools/neovim/nvim-win64/share/nvim/runtime/lua/vim/lsp/rpc.lua
[17:39:05.624][info] [#0:script\workspace\loading.lua:101]: Preload file at: file:///c%3A/tools/neovim/nvim-win64/share/nvim/runtime/lua/vim/lsp/sync.lua , size = 16.113 KB
[17:39:05.624][info] [#0:script\workspace\loading.lua:113]: ++++As library of:	file:///c%3A/tools/neovim/nvim-win64/share/nvim/runtime/lua/vim/lsp
[17:39:05.624][info] [#0:script\workspace\loading.lua:98]: Skip loaded file: file:///c%3A/tools/neovim/nvim-win64/share/nvim/runtime/lua/vim/lsp/sync.lua
[17:39:05.624][info] [#0:script\workspace\loading.lua:101]: Preload file at: file:///c%3A/tools/neovim/nvim-win64/share/nvim/runtime/lua/vim/lsp/tagfunc.lua , size = 2.418 KB
[17:39:05.640][info] [#0:script\workspace\loading.lua:113]: ++++As library of:	file:///c%3A/tools/neovim/nvim-win64/share/nvim/runtime/lua/vim/lsp
[17:39:05.640][info] [#0:script\workspace\loading.lua:98]: Skip loaded file: file:///c%3A/tools/neovim/nvim-win64/share/nvim/runtime/lua/vim/lsp/tagfunc.lua
[17:39:05.640][info] [#0:script\workspace\loading.lua:101]: Preload file at: file:///c%3A/tools/neovim/nvim-win64/share/nvim/runtime/lua/vim/lsp/util.lua , size = 70.151 KB
[17:39:05.718][info] [#0:script\workspace\loading.lua:113]: ++++As library of:	file:///c%3A/tools/neovim/nvim-win64/share/nvim/runtime/lua/vim/lsp
[17:39:05.718][info] [#0:script\workspace\loading.lua:98]: Skip loaded file: file:///c%3A/tools/neovim/nvim-win64/share/nvim/runtime/lua/vim/lsp/util.lua
[17:39:05.718][info] [#0:script\workspace\loading.lua:101]: Preload file at: file:///c%3A/tools/neovim/nvim-win64/share/nvim/runtime/lua/vim/lsp/_snippet.lua , size = 11.231 KB
[17:39:05.734][info] [#0:script\workspace\loading.lua:113]: ++++As library of:	file:///c%3A/tools/neovim/nvim-win64/share/nvim/runtime/lua/vim/lsp
[17:39:05.734][info] [#0:script\workspace\loading.lua:98]: Skip loaded file: file:///c%3A/tools/neovim/nvim-win64/share/nvim/runtime/lua/vim/lsp/_snippet.lua
[17:39:05.734][info] [#0:script\workspace\loading.lua:101]: Preload file at: file:///c%3A/Users/mattia.dallantonia/AppData/Local/nvim-data/mason/packages/lua-language-server/meta/Lua%205.4%20en-us%20utf8/builtin.lua , size = 0.302 KB
[17:39:05.734][info] [#0:script\workspace\loading.lua:113]: ++++As library of:	file:///c%3A/Users/mattia.dallantonia/AppData/Local/nvim-data/mason/packages/lua-language-server/meta/Lua%205.4%20en-us%20utf8/builtin.lua
[17:39:05.734][info] [#0:script\workspace\loading.lua:98]: Skip loaded file: file:///c%3A/Users/mattia.dallantonia/AppData/Local/nvim-data/mason/packages/lua-language-server/meta/Lua%205.4%20en-us%20utf8/builtin.lua
[17:39:05.734][info] [#0:script\workspace\loading.lua:101]: Preload file at: file:///c%3A/tools/neovim/nvim-win64/share/nvim/runtime/lua/health.lua , size = 0.157 KB
[17:39:05.734][info] [#0:script\workspace\loading.lua:113]: ++++As library of:	file:///c%3A/tools/neovim/nvim-win64/share/nvim/runtime/lua
[17:39:05.734][info] [#0:script\workspace\loading.lua:98]: Skip loaded file: file:///c%3A/tools/neovim/nvim-win64/share/nvim/runtime/lua/health.lua
[17:39:05.734][info] [#0:script\workspace\loading.lua:101]: Preload file at: file:///c%3A/tools/neovim/nvim-win64/share/nvim/runtime/lua/man/health.lua , size = 0.509 KB
[17:39:05.734][info] [#0:script\workspace\loading.lua:113]: ++++As library of:	file:///c%3A/tools/neovim/nvim-win64/share/nvim/runtime/lua
[17:39:05.734][info] [#0:script\workspace\loading.lua:98]: Skip loaded file: file:///c%3A/tools/neovim/nvim-win64/share/nvim/runtime/lua/man/health.lua
[17:39:05.734][info] [#0:script\workspace\loading.lua:101]: Preload file at: file:///c%3A/tools/neovim/nvim-win64/share/nvim/runtime/lua/man.lua , size = 22.276 KB
[17:39:05.749][info] [#0:script\workspace\loading.lua:113]: ++++As library of:	file:///c%3A/tools/neovim/nvim-win64/share/nvim/runtime/lua
[17:39:05.749][info] [#0:script\workspace\loading.lua:98]: Skip loaded file: file:///c%3A/tools/neovim/nvim-win64/share/nvim/runtime/lua/man.lua
[17:39:05.749][info] [#0:script\workspace\loading.lua:101]: Preload file at: file:///c%3A/tools/neovim/nvim-win64/share/nvim/runtime/lua/vim/diagnostic.lua , size = 55.483 KB
[17:39:05.812][info] [#0:script\workspace\loading.lua:113]: ++++As library of:	file:///c%3A/tools/neovim/nvim-win64/share/nvim/runtime/lua
[17:39:05.812][info] [#0:script\workspace\loading.lua:101]: Preload file at: file:///c%3A/tools/neovim/nvim-win64/share/nvim/runtime/lua/vim/F.lua , size = 0.815 KB
[17:39:05.812][info] [#0:script\workspace\loading.lua:113]: ++++As library of:	file:///c%3A/tools/neovim/nvim-win64/share/nvim/runtime/lua
[17:39:05.812][info] [#0:script\workspace\loading.lua:98]: Skip loaded file: file:///c%3A/tools/neovim/nvim-win64/share/nvim/runtime/lua/vim/diagnostic.lua
[17:39:05.812][info] [#0:script\workspace\loading.lua:98]: Skip loaded file: file:///c%3A/tools/neovim/nvim-win64/share/nvim/runtime/lua/vim/F.lua
[17:39:05.812][info] [#0:script\workspace\loading.lua:101]: Preload file at: file:///c%3A/tools/neovim/nvim-win64/share/nvim/runtime/lua/vim/filetype/detect.lua , size = 48.640 KB
[17:39:05.874][info] [#0:script\workspace\loading.lua:113]: ++++As library of:	file:///c%3A/tools/neovim/nvim-win64/share/nvim/runtime/lua
[17:39:05.874][info] [#0:script\workspace\loading.lua:101]: Preload file at: file:///c%3A/tools/neovim/nvim-win64/share/nvim/runtime/lua/vim/filetype.lua , size = 74.449 KB
[17:39:05.937][info] [#0:script\workspace\loading.lua:113]: ++++As library of:	file:///c%3A/tools/neovim/nvim-win64/share/nvim/runtime/lua
[17:39:05.937][info] [#0:script\workspace\loading.lua:98]: Skip loaded file: file:///c%3A/tools/neovim/nvim-win64/share/nvim/runtime/lua/vim/filetype/detect.lua
[17:39:05.937][info] [#0:script\workspace\loading.lua:101]: Preload file at: file:///c%3A/tools/neovim/nvim-win64/share/nvim/runtime/lua/vim/fs.lua , size = 7.229 KB
[17:39:05.952][info] [#0:script\workspace\loading.lua:113]: ++++As library of:	file:///c%3A/tools/neovim/nvim-win64/share/nvim/runtime/lua
[17:39:05.952][info] [#0:script\workspace\loading.lua:98]: Skip loaded file: file:///c%3A/tools/neovim/nvim-win64/share/nvim/runtime/lua/vim/filetype.lua
[17:39:05.952][info] [#0:script\workspace\loading.lua:98]: Skip loaded file: file:///c%3A/tools/neovim/nvim-win64/share/nvim/runtime/lua/vim/fs.lua
[17:39:05.952][info] [#0:script\workspace\loading.lua:101]: Preload file at: file:///c%3A/tools/neovim/nvim-win64/share/nvim/runtime/lua/vim/health.lua , size = 1.340 KB
[17:39:05.952][info] [#0:script\workspace\loading.lua:113]: ++++As library of:	file:///c%3A/tools/neovim/nvim-win64/share/nvim/runtime/lua
[17:39:05.952][info] [#0:script\workspace\loading.lua:98]: Skip loaded file: file:///c%3A/tools/neovim/nvim-win64/share/nvim/runtime/lua/vim/health.lua
[17:39:05.952][info] [#0:script\workspace\loading.lua:101]: Preload file at: file:///c%3A/tools/neovim/nvim-win64/share/nvim/runtime/lua/vim/highlight.lua , size = 4.450 KB
[17:39:05.952][info] [#0:script\workspace\loading.lua:113]: ++++As library of:	file:///c%3A/tools/neovim/nvim-win64/share/nvim/runtime/lua
[17:39:05.952][info] [#0:script\workspace\loading.lua:98]: Skip loaded file: file:///c%3A/tools/neovim/nvim-win64/share/nvim/runtime/lua/vim/highlight.lua
[17:39:05.952][info] [#0:script\workspace\loading.lua:101]: Preload file at: file:///c%3A/tools/neovim/nvim-win64/share/nvim/runtime/lua/vim/inspect.lua , size = 9.234 KB
[17:39:05.968][info] [#0:script\workspace\loading.lua:113]: ++++As library of:	file:///c%3A/tools/neovim/nvim-win64/share/nvim/runtime/lua
[17:39:05.968][info] [#0:script\workspace\loading.lua:98]: Skip loaded file: file:///c%3A/tools/neovim/nvim-win64/share/nvim/runtime/lua/vim/inspect.lua
[17:39:05.968][info] [#0:script\workspace\loading.lua:101]: Preload file at: file:///c%3A/tools/neovim/nvim-win64/share/nvim/runtime/lua/vim/keymap.lua , size = 4.409 KB
[17:39:05.968][info] [#0:script\workspace\loading.lua:113]: ++++As library of:	file:///c%3A/tools/neovim/nvim-win64/share/nvim/runtime/lua
[17:39:05.968][info] [#0:script\workspace\loading.lua:98]: Skip loaded file: file:///c%3A/tools/neovim/nvim-win64/share/nvim/runtime/lua/vim/keymap.lua
[17:39:05.968][info] [#0:script\workspace\loading.lua:98]: Skip loaded file: file:///c%3A/tools/neovim/nvim-win64/share/nvim/runtime/lua/vim/lsp/buf.lua
[17:39:05.968][info] [#0:script\workspace\loading.lua:98]: Skip loaded file: file:///c%3A/tools/neovim/nvim-win64/share/nvim/runtime/lua/vim/lsp/codelens.lua
[17:39:05.968][info] [#0:script\workspace\loading.lua:98]: Skip loaded file: file:///c%3A/tools/neovim/nvim-win64/share/nvim/runtime/lua/vim/lsp/buf.lua
[17:39:05.968][info] [#0:script\workspace\loading.lua:98]: Skip loaded file: file:///c%3A/tools/neovim/nvim-win64/share/nvim/runtime/lua/vim/lsp/codelens.lua
[17:39:05.968][info] [#0:script\workspace\loading.lua:98]: Skip loaded file: file:///c%3A/tools/neovim/nvim-win64/share/nvim/runtime/lua/vim/lsp/diagnostic.lua
[17:39:05.968][info] [#0:script\workspace\loading.lua:98]: Skip loaded file: file:///c%3A/tools/neovim/nvim-win64/share/nvim/runtime/lua/vim/lsp/diagnostic.lua
[17:39:05.968][info] [#0:script\workspace\loading.lua:98]: Skip loaded file: file:///c%3A/tools/neovim/nvim-win64/share/nvim/runtime/lua/vim/lsp/handlers.lua
[17:39:05.968][info] [#0:script\workspace\loading.lua:98]: Skip loaded file: file:///c%3A/tools/neovim/nvim-win64/share/nvim/runtime/lua/vim/lsp/handlers.lua
[17:39:05.968][info] [#0:script\workspace\loading.lua:98]: Skip loaded file: file:///c%3A/tools/neovim/nvim-win64/share/nvim/runtime/lua/vim/lsp/health.lua
[17:39:05.968][info] [#0:script\workspace\loading.lua:98]: Skip loaded file: file:///c%3A/tools/neovim/nvim-win64/share/nvim/runtime/lua/vim/lsp/health.lua
[17:39:05.968][info] [#0:script\workspace\loading.lua:98]: Skip loaded file: file:///c%3A/tools/neovim/nvim-win64/share/nvim/runtime/lua/vim/lsp/log.lua
[17:39:05.968][info] [#0:script\workspace\loading.lua:98]: Skip loaded file: file:///c%3A/tools/neovim/nvim-win64/share/nvim/runtime/lua/vim/lsp/log.lua
[17:39:05.968][info] [#0:script\workspace\loading.lua:98]: Skip loaded file: file:///c%3A/tools/neovim/nvim-win64/share/nvim/runtime/lua/vim/lsp/protocol.lua
[17:39:05.968][info] [#0:script\workspace\loading.lua:98]: Skip loaded file: file:///c%3A/tools/neovim/nvim-win64/share/nvim/runtime/lua/vim/lsp/rpc.lua
[17:39:05.968][info] [#0:script\workspace\loading.lua:98]: Skip loaded file: file:///c%3A/tools/neovim/nvim-win64/share/nvim/runtime/lua/vim/lsp/rpc.lua
[17:39:05.968][info] [#0:script\workspace\loading.lua:98]: Skip loaded file: file:///c%3A/tools/neovim/nvim-win64/share/nvim/runtime/lua/vim/lsp/protocol.lua
[17:39:05.968][info] [#0:script\workspace\loading.lua:98]: Skip loaded file: file:///c%3A/tools/neovim/nvim-win64/share/nvim/runtime/lua/vim/lsp/sync.lua
[17:39:05.968][info] [#0:script\workspace\loading.lua:98]: Skip loaded file: file:///c%3A/tools/neovim/nvim-win64/share/nvim/runtime/lua/vim/lsp/tagfunc.lua
[17:39:05.968][info] [#0:script\workspace\loading.lua:98]: Skip loaded file: file:///c%3A/tools/neovim/nvim-win64/share/nvim/runtime/lua/vim/lsp/tagfunc.lua
[17:39:05.968][info] [#0:script\workspace\loading.lua:98]: Skip loaded file: file:///c%3A/tools/neovim/nvim-win64/share/nvim/runtime/lua/vim/lsp/sync.lua
[17:39:05.968][info] [#0:script\workspace\loading.lua:89]: Skip loaded file: file:///c%3A/tools/neovim/nvim-win64/share/nvim/runtime/lua/vim/lsp/util.lua
[17:39:05.968][info] [#0:script\workspace\loading.lua:113]: ++++As library of:	file:///c%3A/tools/neovim/nvim-win64/share/nvim/runtime/lua
[17:39:05.968][info] [#0:script\workspace\loading.lua:89]: Skip loaded file: file:///c%3A/tools/neovim/nvim-win64/share/nvim/runtime/lua/vim/lsp/util.lua
[17:39:05.968][info] [#0:script\workspace\loading.lua:113]: ++++As library of:	file:///c%3A/tools/neovim/nvim-win64/share/nvim/runtime/lua
[17:39:05.968][info] [#0:script\workspace\loading.lua:89]: Skip loaded file: file:///c%3A/tools/neovim/nvim-win64/share/nvim/runtime/lua/vim/lsp/_snippet.lua
[17:39:05.968][info] [#0:script\workspace\loading.lua:113]: ++++As library of:	file:///c%3A/tools/neovim/nvim-win64/share/nvim/runtime/lua
[17:39:05.968][info] [#0:script\workspace\loading.lua:89]: Skip loaded file: file:///c%3A/tools/neovim/nvim-win64/share/nvim/runtime/lua/vim/lsp/_snippet.lua
[17:39:05.968][info] [#0:script\workspace\loading.lua:113]: ++++As library of:	file:///c%3A/tools/neovim/nvim-win64/share/nvim/runtime/lua
[17:39:05.968][info] [#0:script\workspace\loading.lua:89]: Skip loaded file: file:///c%3A/Users/mattia.dallantonia/AppData/Local/nvim/lua/plugins/configs/nvimtree.lua
[17:39:06.452][info] [#0:script\workspace\loading.lua:101]: Preload file at: file:///c%3A/tools/neovim/nvim-win64/share/nvim/runtime/lua/vim/lsp.lua , size = 81.757 KB
[17:39:06.562][info] [#0:script\workspace\loading.lua:113]: ++++As library of:	file:///c%3A/tools/neovim/nvim-win64/share/nvim/runtime/lua
[17:39:06.562][info] [#0:script\workspace\loading.lua:98]: Skip loaded file: file:///c%3A/tools/neovim/nvim-win64/share/nvim/runtime/lua/vim/lsp.lua
[17:39:06.562][info] [#0:script\workspace\loading.lua:101]: Preload file at: file:///c%3A/tools/neovim/nvim-win64/share/nvim/runtime/lua/vim/shared.lua , size = 20.856 KB
[17:39:06.593][info] [#0:script\workspace\loading.lua:113]: ++++As library of:	file:///c%3A/tools/neovim/nvim-win64/share/nvim/runtime/lua
[17:39:06.593][info] [#0:script\workspace\loading.lua:98]: Skip loaded file: file:///c%3A/tools/neovim/nvim-win64/share/nvim/runtime/lua/vim/shared.lua
[17:39:06.593][info] [#0:script\workspace\loading.lua:101]: Preload file at: file:///c%3A/tools/neovim/nvim-win64/share/nvim/runtime/lua/vim/treesitter/health.lua , size = 1.170 KB
[17:39:06.593][info] [#0:script\workspace\loading.lua:113]: ++++As library of:	file:///c%3A/tools/neovim/nvim-win64/share/nvim/runtime/lua
[17:39:06.593][info] [#0:script\workspace\loading.lua:98]: Skip loaded file: file:///c%3A/tools/neovim/nvim-win64/share/nvim/runtime/lua/vim/treesitter/health.lua
[17:39:06.593][info] [#0:script\workspace\loading.lua:101]: Preload file at: file:///c%3A/tools/neovim/nvim-win64/share/nvim/runtime/lua/vim/treesitter/highlighter.lua , size = 7.762 KB
[17:39:06.593][info] [#0:script\workspace\loading.lua:113]: ++++As library of:	file:///c%3A/tools/neovim/nvim-win64/share/nvim/runtime/lua
[17:39:06.593][info] [#0:script\workspace\loading.lua:98]: Skip loaded file: file:///c%3A/tools/neovim/nvim-win64/share/nvim/runtime/lua/vim/treesitter/highlighter.lua
[17:39:06.593][info] [#0:script\workspace\loading.lua:101]: Preload file at: file:///c%3A/tools/neovim/nvim-win64/share/nvim/runtime/lua/vim/treesitter/language.lua , size = 1.669 KB
[17:39:06.593][info] [#0:script\workspace\loading.lua:113]: ++++As library of:	file:///c%3A/tools/neovim/nvim-win64/share/nvim/runtime/lua
[17:39:06.593][info] [#0:script\workspace\loading.lua:98]: Skip loaded file: file:///c%3A/tools/neovim/nvim-win64/share/nvim/runtime/lua/vim/treesitter/language.lua
[17:39:06.593][info] [#0:script\workspace\loading.lua:101]: Preload file at: file:///c%3A/tools/neovim/nvim-win64/share/nvim/runtime/lua/vim/treesitter/languagetree.lua , size = 18.938 KB
[17:39:06.624][info] [#0:script\workspace\loading.lua:113]: ++++As library of:	file:///c%3A/tools/neovim/nvim-win64/share/nvim/runtime/lua
[17:39:06.624][info] [#0:script\workspace\loading.lua:98]: Skip loaded file: file:///c%3A/tools/neovim/nvim-win64/share/nvim/runtime/lua/vim/treesitter/languagetree.lua
[17:39:06.624][info] [#0:script\workspace\loading.lua:101]: Preload file at: file:///c%3A/tools/neovim/nvim-win64/share/nvim/runtime/lua/vim/treesitter/query.lua , size = 19.843 KB
[17:39:06.640][info] [#0:script\workspace\loading.lua:113]: ++++As library of:	file:///c%3A/tools/neovim/nvim-win64/share/nvim/runtime/lua
[17:39:06.640][info] [#0:script\workspace\loading.lua:98]: Skip loaded file: file:///c%3A/tools/neovim/nvim-win64/share/nvim/runtime/lua/vim/treesitter/query.lua
[17:39:06.640][info] [#0:script\workspace\loading.lua:101]: Preload file at: file:///c%3A/tools/neovim/nvim-win64/share/nvim/runtime/lua/vim/treesitter.lua , size = 9.832 KB
[17:39:06.656][info] [#0:script\workspace\loading.lua:113]: ++++As library of:	file:///c%3A/tools/neovim/nvim-win64/share/nvim/runtime/lua
[17:39:06.656][info] [#0:script\workspace\loading.lua:98]: Skip loaded file: file:///c%3A/tools/neovim/nvim-win64/share/nvim/runtime/lua/vim/treesitter.lua
[17:39:06.656][info] [#0:script\workspace\loading.lua:101]: Preload file at: file:///c%3A/tools/neovim/nvim-win64/share/nvim/runtime/lua/vim/ui.lua , size = 3.294 KB
[17:39:06.656][info] [#0:script\workspace\loading.lua:113]: ++++As library of:	file:///c%3A/tools/neovim/nvim-win64/share/nvim/runtime/lua
[17:39:06.656][info] [#0:script\workspace\loading.lua:98]: Skip loaded file: file:///c%3A/tools/neovim/nvim-win64/share/nvim/runtime/lua/vim/ui.lua
[17:39:06.656][info] [#0:script\workspace\loading.lua:101]: Preload file at: file:///c%3A/tools/neovim/nvim-win64/share/nvim/runtime/lua/vim/uri.lua , size = 3.508 KB
[17:39:06.656][info] [#0:script\workspace\loading.lua:113]: ++++As library of:	file:///c%3A/tools/neovim/nvim-win64/share/nvim/runtime/lua
[17:39:06.656][info] [#0:script\workspace\loading.lua:98]: Skip loaded file: file:///c%3A/tools/neovim/nvim-win64/share/nvim/runtime/lua/vim/uri.lua
[17:39:06.656][info] [#0:script\workspace\loading.lua:101]: Preload file at: file:///c%3A/tools/neovim/nvim-win64/share/nvim/runtime/lua/vim/_editor.lua , size = 27.644 KB
[17:39:06.687][info] [#0:script\workspace\loading.lua:113]: ++++As library of:	file:///c%3A/tools/neovim/nvim-win64/share/nvim/runtime/lua
[17:39:06.687][info] [#0:script\workspace\loading.lua:98]: Skip loaded file: file:///c%3A/tools/neovim/nvim-win64/share/nvim/runtime/lua/vim/_editor.lua
[17:39:06.687][info] [#0:script\workspace\loading.lua:101]: Preload file at: file:///c%3A/tools/neovim/nvim-win64/share/nvim/runtime/lua/vim/_init_packages.lua , size = 2.725 KB
[17:39:06.687][info] [#0:script\workspace\loading.lua:113]: ++++As library of:	file:///c%3A/tools/neovim/nvim-win64/share/nvim/runtime/lua
[17:39:06.687][info] [#0:script\workspace\loading.lua:98]: Skip loaded file: file:///c%3A/tools/neovim/nvim-win64/share/nvim/runtime/lua/vim/_init_packages.lua
[17:39:06.687][info] [#0:script\workspace\loading.lua:101]: Preload file at: file:///c%3A/tools/neovim/nvim-win64/share/nvim/runtime/lua/vim/_meta.lua , size = 12.690 KB
[17:39:06.702][info] [#0:script\workspace\loading.lua:113]: ++++As library of:	file:///c%3A/tools/neovim/nvim-win64/share/nvim/runtime/lua
[17:39:06.702][info] [#0:script\workspace\loading.lua:98]: Skip loaded file: file:///c%3A/tools/neovim/nvim-win64/share/nvim/runtime/lua/vim/_meta.lua
[17:39:06.702][info] [#0:script\workspace\loading.lua:101]: Preload file at: file:///c%3A/Users/mattia.dallantonia/AppData/Local/nvim-data/mason/packages/lua-language-server/meta/Lua%205.4%20en-us%20utf8/package.lua , size = 2.944 KB
[17:39:06.702][info] [#0:script\workspace\loading.lua:113]: ++++As library of:	file:///c%3A/Users/mattia.dallantonia/AppData/Local/nvim-data/mason/packages/lua-language-server/meta/Lua%205.4%20en-us%20utf8/package.lua
[17:39:06.702][info] [#0:script\workspace\loading.lua:98]: Skip loaded file: file:///c%3A/Users/mattia.dallantonia/AppData/Local/nvim-data/mason/packages/lua-language-server/meta/Lua%205.4%20en-us%20utf8/package.lua
[17:39:06.702][info] [#0:script\workspace\loading.lua:101]: Preload file at: file:///c%3A/Users/mattia.dallantonia/AppData/Local/nvim-data/mason/packages/lua-language-server/meta/Lua%205.4%20en-us%20utf8/math.lua , size = 8.731 KB
[17:39:06.702][info] [#0:script\workspace\loading.lua:113]: ++++As library of:	file:///c%3A/Users/mattia.dallantonia/AppData/Local/nvim-data/mason/packages/lua-language-server/meta/Lua%205.4%20en-us%20utf8/math.lua
[17:39:06.702][info] [#0:script\workspace\loading.lua:98]: Skip loaded file: file:///c%3A/Users/mattia.dallantonia/AppData/Local/nvim-data/mason/packages/lua-language-server/meta/Lua%205.4%20en-us%20utf8/math.lua
[17:39:06.702][info] [#0:script\workspace\loading.lua:101]: Preload file at: file:///c%3A/Users/mattia.dallantonia/AppData/Local/nvim-data/lazy/lazy.nvim/lua/lazy/core/cache.lua , size = 17.115 KB
[17:39:06.734][info] [#0:script\workspace\loading.lua:113]: ++++As library of:	file:///c%3A/Users/mattia.dallantonia/AppData/Local/nvim-data/lazy/lazy.nvim/lua/lazy
[17:39:06.734][info] [#0:script\workspace\loading.lua:98]: Skip loaded file: file:///c%3A/Users/mattia.dallantonia/AppData/Local/nvim-data/lazy/lazy.nvim/lua/lazy/core/cache.lua
[17:39:06.734][info] [#0:script\workspace\loading.lua:101]: Preload file at: file:///c%3A/Users/mattia.dallantonia/AppData/Local/nvim-data/lazy/lazy.nvim/lua/lazy/core/config.lua , size = 7.898 KB
[17:39:06.734][info] [#0:script\workspace\loading.lua:113]: ++++As library of:	file:///c%3A/Users/mattia.dallantonia/AppData/Local/nvim-data/lazy/lazy.nvim/lua/lazy
[17:39:06.734][info] [#0:script\workspace\loading.lua:98]: Skip loaded file: file:///c%3A/Users/mattia.dallantonia/AppData/Local/nvim-data/lazy/lazy.nvim/lua/lazy/core/config.lua
[17:39:06.734][info] [#0:script\workspace\loading.lua:101]: Preload file at: file:///c%3A/Users/mattia.dallantonia/AppData/Local/nvim-data/lazy/lazy.nvim/lua/lazy/core/handler/cmd.lua , size = 1.607 KB
[17:39:06.749][info] [#0:script\workspace\loading.lua:113]: ++++As library of:	file:///c%3A/Users/mattia.dallantonia/AppData/Local/nvim-data/lazy/lazy.nvim/lua/lazy
[17:39:06.749][info] [#0:script\workspace\loading.lua:98]: Skip loaded file: file:///c%3A/Users/mattia.dallantonia/AppData/Local/nvim-data/lazy/lazy.nvim/lua/lazy/core/handler/cmd.lua
[17:39:06.749][info] [#0:script\workspace\loading.lua:101]: Preload file at: file:///c%3A/Users/mattia.dallantonia/AppData/Local/nvim-data/lazy/lazy.nvim/lua/lazy/core/handler/event.lua , size = 2.698 KB
[17:39:06.749][info] [#0:script\workspace\loading.lua:113]: ++++As library of:	file:///c%3A/Users/mattia.dallantonia/AppData/Local/nvim-data/lazy/lazy.nvim/lua/lazy
[17:39:06.749][info] [#0:script\workspace\loading.lua:98]: Skip loaded file: file:///c%3A/Users/mattia.dallantonia/AppData/Local/nvim-data/lazy/lazy.nvim/lua/lazy/core/handler/event.lua
[17:39:06.749][info] [#0:script\workspace\loading.lua:101]: Preload file at: file:///c%3A/Users/mattia.dallantonia/AppData/Local/nvim-data/lazy/lazy.nvim/lua/lazy/core/handler/ft.lua , size = 1.023 KB
[17:39:06.749][info] [#0:script\workspace\loading.lua:113]: ++++As library of:	file:///c%3A/Users/mattia.dallantonia/AppData/Local/nvim-data/lazy/lazy.nvim/lua/lazy
[17:39:06.749][info] [#0:script\workspace\loading.lua:98]: Skip loaded file: file:///c%3A/Users/mattia.dallantonia/AppData/Local/nvim-data/lazy/lazy.nvim/lua/lazy/core/handler/ft.lua
[17:39:06.749][info] [#0:script\workspace\loading.lua:101]: Preload file at: file:///c%3A/Users/mattia.dallantonia/AppData/Local/nvim-data/lazy/lazy.nvim/lua/lazy/core/handler/init.lua , size = 2.479 KB
[17:39:06.749][info] [#0:script\workspace\loading.lua:113]: ++++As library of:	file:///c%3A/Users/mattia.dallantonia/AppData/Local/nvim-data/lazy/lazy.nvim/lua/lazy
[17:39:06.749][info] [#0:script\workspace\loading.lua:98]: Skip loaded file: file:///c%3A/Users/mattia.dallantonia/AppData/Local/nvim-data/lazy/lazy.nvim/lua/lazy/core/handler/init.lua
[17:39:06.749][info] [#0:script\workspace\loading.lua:101]: Preload file at: file:///c%3A/Users/mattia.dallantonia/AppData/Local/nvim-data/lazy/lazy.nvim/lua/lazy/core/handler/keys.lua , size = 2.408 KB
[17:39:06.749][info] [#0:script\workspace\loading.lua:113]: ++++As library of:	file:///c%3A/Users/mattia.dallantonia/AppData/Local/nvim-data/lazy/lazy.nvim/lua/lazy
[17:39:06.749][info] [#0:script\workspace\loading.lua:98]: Skip loaded file: file:///c%3A/Users/mattia.dallantonia/AppData/Local/nvim-data/lazy/lazy.nvim/lua/lazy/core/handler/keys.lua
[17:39:06.749][info] [#0:script\workspace\loading.lua:101]: Preload file at: file:///c%3A/Users/mattia.dallantonia/AppData/Local/nvim-data/lazy/lazy.nvim/lua/lazy/core/loader.lua , size = 12.929 KB
[17:39:06.765][info] [#0:script\workspace\loading.lua:113]: ++++As library of:	file:///c%3A/Users/mattia.dallantonia/AppData/Local/nvim-data/lazy/lazy.nvim/lua/lazy
[17:39:06.765][info] [#0:script\workspace\loading.lua:98]: Skip loaded file: file:///c%3A/Users/mattia.dallantonia/AppData/Local/nvim-data/lazy/lazy.nvim/lua/lazy/core/loader.lua
[17:39:06.765][info] [#0:script\workspace\loading.lua:101]: Preload file at: file:///c%3A/Users/mattia.dallantonia/AppData/Local/nvim-data/lazy/lazy.nvim/lua/lazy/core/plugin.lua , size = 12.706 KB
[17:39:06.781][info] [#0:script\workspace\loading.lua:113]: ++++As library of:	file:///c%3A/Users/mattia.dallantonia/AppData/Local/nvim-data/lazy/lazy.nvim/lua/lazy
[17:39:06.781][info] [#0:script\workspace\loading.lua:98]: Skip loaded file: file:///c%3A/Users/mattia.dallantonia/AppData/Local/nvim-data/lazy/lazy.nvim/lua/lazy/core/plugin.lua
[17:39:06.781][info] [#0:script\workspace\loading.lua:101]: Preload file at: file:///c%3A/Users/mattia.dallantonia/AppData/Local/nvim-data/lazy/lazy.nvim/lua/lazy/core/util.lua , size = 10.278 KB
[17:39:06.796][info] [#0:script\workspace\loading.lua:113]: ++++As library of:	file:///c%3A/Users/mattia.dallantonia/AppData/Local/nvim-data/lazy/lazy.nvim/lua/lazy
[17:39:06.796][info] [#0:script\workspace\loading.lua:98]: Skip loaded file: file:///c%3A/Users/mattia.dallantonia/AppData/Local/nvim-data/lazy/lazy.nvim/lua/lazy/core/util.lua
[17:39:06.796][info] [#0:script\workspace\loading.lua:101]: Preload file at: file:///c%3A/Users/mattia.dallantonia/AppData/Local/nvim-data/lazy/lazy.nvim/lua/lazy/docs.lua , size = 4.609 KB
[17:39:06.812][info] [#0:script\workspace\loading.lua:113]: ++++As library of:	file:///c%3A/Users/mattia.dallantonia/AppData/Local/nvim-data/lazy/lazy.nvim/lua/lazy
[17:39:06.812][info] [#0:script\workspace\loading.lua:98]: Skip loaded file: file:///c%3A/Users/mattia.dallantonia/AppData/Local/nvim-data/lazy/lazy.nvim/lua/lazy/docs.lua
[17:39:06.812][info] [#0:script\workspace\loading.lua:101]: Preload file at: file:///c%3A/Users/mattia.dallantonia/AppData/Local/nvim-data/lazy/lazy.nvim/lua/lazy/example.lua , size = 2.728 KB
[17:39:06.812][info] [#0:script\workspace\loading.lua:113]: ++++As library of:	file:///c%3A/Users/mattia.dallantonia/AppData/Local/nvim-data/lazy/lazy.nvim/lua/lazy
[17:39:06.812][info] [#0:script\workspace\loading.lua:98]: Skip loaded file: file:///c%3A/Users/mattia.dallantonia/AppData/Local/nvim-data/lazy/lazy.nvim/lua/lazy/example.lua
[17:39:06.812][info] [#0:script\workspace\loading.lua:101]: Preload file at: file:///c%3A/Users/mattia.dallantonia/AppData/Local/nvim-data/lazy/lazy.nvim/lua/lazy/health.lua , size = 3.283 KB
[17:39:06.812][info] [#0:script\workspace\loading.lua:113]: ++++As library of:	file:///c%3A/Users/mattia.dallantonia/AppData/Local/nvim-data/lazy/lazy.nvim/lua/lazy
[17:39:06.812][info] [#0:script\workspace\loading.lua:98]: Skip loaded file: file:///c%3A/Users/mattia.dallantonia/AppData/Local/nvim-data/lazy/lazy.nvim/lua/lazy/health.lua
[17:39:06.812][info] [#0:script\workspace\loading.lua:101]: Preload file at: file:///c%3A/Users/mattia.dallantonia/AppData/Local/nvim-data/lazy/lazy.nvim/lua/lazy/help.lua , size = 2.284 KB
[17:39:06.812][info] [#0:script\workspace\loading.lua:113]: ++++As library of:	file:///c%3A/Users/mattia.dallantonia/AppData/Local/nvim-data/lazy/lazy.nvim/lua/lazy
[17:39:06.812][info] [#0:script\workspace\loading.lua:98]: Skip loaded file: file:///c%3A/Users/mattia.dallantonia/AppData/Local/nvim-data/lazy/lazy.nvim/lua/lazy/help.lua
[17:39:06.812][info] [#0:script\workspace\loading.lua:101]: Preload file at: file:///c%3A/Users/mattia.dallantonia/AppData/Local/nvim-data/lazy/lazy.nvim/lua/lazy/init.lua , size = 3.179 KB
[17:39:06.827][info] [#0:script\workspace\loading.lua:113]: ++++As library of:	file:///c%3A/Users/mattia.dallantonia/AppData/Local/nvim-data/lazy/lazy.nvim/lua/lazy
[17:39:06.827][info] [#0:script\workspace\loading.lua:98]: Skip loaded file: file:///c%3A/Users/mattia.dallantonia/AppData/Local/nvim-data/lazy/lazy.nvim/lua/lazy/init.lua
[17:39:06.827][info] [#0:script\workspace\loading.lua:101]: Preload file at: file:///c%3A/Users/mattia.dallantonia/AppData/Local/nvim-data/lazy/lazy.nvim/lua/lazy/manage/checker.lua , size = 2.398 KB
[17:39:06.827][info] [#0:script\workspace\loading.lua:113]: ++++As library of:	file:///c%3A/Users/mattia.dallantonia/AppData/Local/nvim-data/lazy/lazy.nvim/lua/lazy
[17:39:06.827][info] [#0:script\workspace\loading.lua:98]: Skip loaded file: file:///c%3A/Users/mattia.dallantonia/AppData/Local/nvim-data/lazy/lazy.nvim/lua/lazy/manage/checker.lua
[17:39:06.827][info] [#0:script\workspace\loading.lua:101]: Preload file at: file:///c%3A/Users/mattia.dallantonia/AppData/Local/nvim-data/lazy/lazy.nvim/lua/lazy/manage/git.lua , size = 6.273 KB
[17:39:06.827][info] [#0:script\workspace\loading.lua:113]: ++++As library of:	file:///c%3A/Users/mattia.dallantonia/AppData/Local/nvim-data/lazy/lazy.nvim/lua/lazy
[17:39:06.827][info] [#0:script\workspace\loading.lua:98]: Skip loaded file: file:///c%3A/Users/mattia.dallantonia/AppData/Local/nvim-data/lazy/lazy.nvim/lua/lazy/manage/git.lua
[17:39:06.827][info] [#0:script\workspace\loading.lua:101]: Preload file at: file:///c%3A/Users/mattia.dallantonia/AppData/Local/nvim-data/lazy/lazy.nvim/lua/lazy/manage/init.lua , size = 5.464 KB
[17:39:06.843][info] [#0:script\workspace\loading.lua:113]: ++++As library of:	file:///c%3A/Users/mattia.dallantonia/AppData/Local/nvim-data/lazy/lazy.nvim/lua/lazy
[17:39:06.843][info] [#0:script\workspace\loading.lua:98]: Skip loaded file: file:///c%3A/Users/mattia.dallantonia/AppData/Local/nvim-data/lazy/lazy.nvim/lua/lazy/manage/init.lua
[17:39:06.843][info] [#0:script\workspace\loading.lua:101]: Preload file at: file:///c%3A/Users/mattia.dallantonia/AppData/Local/nvim-data/lazy/lazy.nvim/lua/lazy/manage/lock.lua , size = 1.881 KB
[17:39:06.843][info] [#0:script\workspace\loading.lua:113]: ++++As library of:	file:///c%3A/Users/mattia.dallantonia/AppData/Local/nvim-data/lazy/lazy.nvim/lua/lazy
[17:39:06.843][info] [#0:script\workspace\loading.lua:98]: Skip loaded file: file:///c%3A/Users/mattia.dallantonia/AppData/Local/nvim-data/lazy/lazy.nvim/lua/lazy/manage/lock.lua
[17:39:06.843][info] [#0:script\workspace\loading.lua:101]: Preload file at: file:///c%3A/Users/mattia.dallantonia/AppData/Local/nvim-data/lazy/lazy.nvim/lua/lazy/manage/process.lua , size = 4.004 KB
[17:39:06.890][info] [#0:script\workspace\loading.lua:113]: ++++As library of:	file:///c%3A/Users/mattia.dallantonia/AppData/Local/nvim-data/lazy/lazy.nvim/lua/lazy
[17:39:06.890][info] [#0:script\workspace\loading.lua:98]: Skip loaded file: file:///c%3A/Users/mattia.dallantonia/AppData/Local/nvim-data/lazy/lazy.nvim/lua/lazy/manage/process.lua
[17:39:06.890][info] [#0:script\workspace\loading.lua:101]: Preload file at: file:///c%3A/Users/mattia.dallantonia/AppData/Local/nvim-data/lazy/lazy.nvim/lua/lazy/manage/reloader.lua , size = 2.544 KB
[17:39:06.890][info] [#0:script\workspace\loading.lua:113]: ++++As library of:	file:///c%3A/Users/mattia.dallantonia/AppData/Local/nvim-data/lazy/lazy.nvim/lua/lazy
[17:39:06.890][info] [#0:script\workspace\loading.lua:98]: Skip loaded file: file:///c%3A/Users/mattia.dallantonia/AppData/Local/nvim-data/lazy/lazy.nvim/lua/lazy/manage/reloader.lua
[17:39:06.890][info] [#0:script\workspace\loading.lua:101]: Preload file at: file:///c%3A/Users/mattia.dallantonia/AppData/Local/nvim-data/lazy/lazy.nvim/lua/lazy/manage/runner.lua , size = 4.112 KB
[17:39:06.890][info] [#0:script\workspace\loading.lua:113]: ++++As library of:	file:///c%3A/Users/mattia.dallantonia/AppData/Local/nvim-data/lazy/lazy.nvim/lua/lazy
[17:39:06.890][info] [#0:script\workspace\loading.lua:98]: Skip loaded file: file:///c%3A/Users/mattia.dallantonia/AppData/Local/nvim-data/lazy/lazy.nvim/lua/lazy/manage/runner.lua
[17:39:06.890][info] [#0:script\workspace\loading.lua:101]: Preload file at: file:///c%3A/Users/mattia.dallantonia/AppData/Local/nvim-data/lazy/lazy.nvim/lua/lazy/manage/semver.lua , size = 4.596 KB
[17:39:06.906][info] [#0:script\workspace\loading.lua:113]: ++++As library of:	file:///c%3A/Users/mattia.dallantonia/AppData/Local/nvim-data/lazy/lazy.nvim/lua/lazy
[17:39:06.906][info] [#0:script\workspace\loading.lua:98]: Skip loaded file: file:///c%3A/Users/mattia.dallantonia/AppData/Local/nvim-data/lazy/lazy.nvim/lua/lazy/manage/semver.lua
[17:39:06.906][info] [#0:script\workspace\loading.lua:101]: Preload file at: file:///c%3A/Users/mattia.dallantonia/AppData/Local/nvim-data/lazy/lazy.nvim/lua/lazy/manage/task/fs.lua , size = 0.771 KB
[17:39:06.906][info] [#0:script\workspace\loading.lua:113]: ++++As library of:	file:///c%3A/Users/mattia.dallantonia/AppData/Local/nvim-data/lazy/lazy.nvim/lua/lazy
[17:39:06.906][info] [#0:script\workspace\loading.lua:98]: Skip loaded file: file:///c%3A/Users/mattia.dallantonia/AppData/Local/nvim-data/lazy/lazy.nvim/lua/lazy/manage/task/fs.lua
[17:39:06.906][info] [#0:script\workspace\loading.lua:101]: Preload file at: file:///c%3A/Users/mattia.dallantonia/AppData/Local/nvim-data/lazy/lazy.nvim/lua/lazy/manage/task/git.lua , size = 6.789 KB
[17:39:06.921][info] [#0:script\workspace\loading.lua:113]: ++++As library of:	file:///c%3A/Users/mattia.dallantonia/AppData/Local/nvim-data/lazy/lazy.nvim/lua/lazy
[17:39:06.921][info] [#0:script\workspace\loading.lua:98]: Skip loaded file: file:///c%3A/Users/mattia.dallantonia/AppData/Local/nvim-data/lazy/lazy.nvim/lua/lazy/manage/task/git.lua
[17:39:06.921][info] [#0:script\workspace\loading.lua:101]: Preload file at: file:///c%3A/Users/mattia.dallantonia/AppData/Local/nvim-data/lazy/lazy.nvim/lua/lazy/manage/task/init.lua , size = 3.988 KB
[17:39:06.921][info] [#0:script\workspace\loading.lua:113]: ++++As library of:	file:///c%3A/Users/mattia.dallantonia/AppData/Local/nvim-data/lazy/lazy.nvim/lua/lazy
[17:39:06.921][info] [#0:script\workspace\loading.lua:98]: Skip loaded file: file:///c%3A/Users/mattia.dallantonia/AppData/Local/nvim-data/lazy/lazy.nvim/lua/lazy/manage/task/init.lua
[17:39:06.921][info] [#0:script\workspace\loading.lua:101]: Preload file at: file:///c%3A/Users/mattia.dallantonia/AppData/Local/nvim-data/lazy/lazy.nvim/lua/lazy/manage/task/plugin.lua , size = 1.562 KB
[17:39:06.921][info] [#0:script\workspace\loading.lua:113]: ++++As library of:	file:///c%3A/Users/mattia.dallantonia/AppData/Local/nvim-data/lazy/lazy.nvim/lua/lazy
[17:39:06.921][info] [#0:script\workspace\loading.lua:98]: Skip loaded file: file:///c%3A/Users/mattia.dallantonia/AppData/Local/nvim-data/lazy/lazy.nvim/lua/lazy/manage/task/plugin.lua
[17:39:06.921][info] [#0:script\workspace\loading.lua:101]: Preload file at: file:///c%3A/Users/mattia.dallantonia/AppData/Local/nvim-data/lazy/lazy.nvim/lua/lazy/state.lua , size = 0.903 KB
[17:39:06.921][info] [#0:script\workspace\loading.lua:113]: ++++As library of:	file:///c%3A/Users/mattia.dallantonia/AppData/Local/nvim-data/lazy/lazy.nvim/lua/lazy
[17:39:06.921][info] [#0:script\workspace\loading.lua:98]: Skip loaded file: file:///c%3A/Users/mattia.dallantonia/AppData/Local/nvim-data/lazy/lazy.nvim/lua/lazy/state.lua
[17:39:06.921][info] [#0:script\workspace\loading.lua:101]: Preload file at: file:///c%3A/Users/mattia.dallantonia/AppData/Local/nvim-data/lazy/lazy.nvim/lua/lazy/stats.lua , size = 2.149 KB
[17:39:06.921][info] [#0:script\workspace\loading.lua:113]: ++++As library of:	file:///c%3A/Users/mattia.dallantonia/AppData/Local/nvim-data/lazy/lazy.nvim/lua/lazy
[17:39:06.921][info] [#0:script\workspace\loading.lua:98]: Skip loaded file: file:///c%3A/Users/mattia.dallantonia/AppData/Local/nvim-data/lazy/lazy.nvim/lua/lazy/stats.lua
[17:39:06.921][info] [#0:script\workspace\loading.lua:101]: Preload file at: file:///c%3A/Users/mattia.dallantonia/AppData/Local/nvim-data/lazy/lazy.nvim/lua/lazy/status.lua , size = 0.368 KB
[17:39:06.937][info] [#0:script\workspace\loading.lua:113]: ++++As library of:	file:///c%3A/Users/mattia.dallantonia/AppData/Local/nvim-data/lazy/lazy.nvim/lua/lazy
[17:39:06.937][info] [#0:script\workspace\loading.lua:98]: Skip loaded file: file:///c%3A/Users/mattia.dallantonia/AppData/Local/nvim-data/lazy/lazy.nvim/lua/lazy/status.lua
[17:39:06.937][info] [#0:script\workspace\loading.lua:101]: Preload file at: file:///c%3A/Users/mattia.dallantonia/AppData/Local/nvim-data/lazy/lazy.nvim/lua/lazy/types.lua , size = 2.711 KB
[17:39:06.937][info] [#0:script\workspace\loading.lua:113]: ++++As library of:	file:///c%3A/Users/mattia.dallantonia/AppData/Local/nvim-data/lazy/lazy.nvim/lua/lazy
[17:39:06.937][info] [#0:script\workspace\loading.lua:98]: Skip loaded file: file:///c%3A/Users/mattia.dallantonia/AppData/Local/nvim-data/lazy/lazy.nvim/lua/lazy/types.lua
[17:39:06.937][info] [#0:script\workspace\loading.lua:101]: Preload file at: file:///c%3A/Users/mattia.dallantonia/AppData/Local/nvim-data/lazy/lazy.nvim/lua/lazy/util.lua , size = 5.671 KB
[17:39:06.937][info] [#0:script\workspace\loading.lua:113]: ++++As library of:	file:///c%3A/Users/mattia.dallantonia/AppData/Local/nvim-data/lazy/lazy.nvim/lua/lazy
[17:39:06.937][info] [#0:script\workspace\loading.lua:98]: Skip loaded file: file:///c%3A/Users/mattia.dallantonia/AppData/Local/nvim-data/lazy/lazy.nvim/lua/lazy/util.lua
[17:39:06.937][info] [#0:script\workspace\loading.lua:101]: Preload file at: file:///c%3A/Users/mattia.dallantonia/AppData/Local/nvim-data/lazy/lazy.nvim/lua/lazy/view/colors.lua , size = 1.534 KB
[17:39:06.937][info] [#0:script\workspace\loading.lua:113]: ++++As library of:	file:///c%3A/Users/mattia.dallantonia/AppData/Local/nvim-data/lazy/lazy.nvim/lua/lazy
[17:39:06.937][info] [#0:script\workspace\loading.lua:98]: Skip loaded file: file:///c%3A/Users/mattia.dallantonia/AppData/Local/nvim-data/lazy/lazy.nvim/lua/lazy/view/colors.lua
[17:39:06.937][info] [#0:script\workspace\loading.lua:101]: Preload file at: file:///c%3A/Users/mattia.dallantonia/AppData/Local/nvim-data/lazy/lazy.nvim/lua/lazy/view/commands.lua , size = 3.108 KB
[17:39:06.952][info] [#0:script\workspace\loading.lua:113]: ++++As library of:	file:///c%3A/Users/mattia.dallantonia/AppData/Local/nvim-data/lazy/lazy.nvim/lua/lazy
[17:39:06.952][info] [#0:script\workspace\loading.lua:98]: Skip loaded file: file:///c%3A/Users/mattia.dallantonia/AppData/Local/nvim-data/lazy/lazy.nvim/lua/lazy/view/commands.lua
[17:39:06.952][info] [#0:script\workspace\loading.lua:101]: Preload file at: file:///c%3A/Users/mattia.dallantonia/AppData/Local/nvim-data/lazy/lazy.nvim/lua/lazy/view/config.lua , size = 3.487 KB
[17:39:06.952][info] [#0:script\workspace\loading.lua:113]: ++++As library of:	file:///c%3A/Users/mattia.dallantonia/AppData/Local/nvim-data/lazy/lazy.nvim/lua/lazy
[17:39:06.952][info] [#0:script\workspace\loading.lua:98]: Skip loaded file: file:///c%3A/Users/mattia.dallantonia/AppData/Local/nvim-data/lazy/lazy.nvim/lua/lazy/view/config.lua
[17:39:06.952][info] [#0:script\workspace\loading.lua:101]: Preload file at: file:///c%3A/Users/mattia.dallantonia/AppData/Local/nvim-data/lazy/lazy.nvim/lua/lazy/view/diff.lua , size = 1.647 KB
[17:39:06.952][info] [#0:script\workspace\loading.lua:113]: ++++As library of:	file:///c%3A/Users/mattia.dallantonia/AppData/Local/nvim-data/lazy/lazy.nvim/lua/lazy
[17:39:06.952][info] [#0:script\workspace\loading.lua:98]: Skip loaded file: file:///c%3A/Users/mattia.dallantonia/AppData/Local/nvim-data/lazy/lazy.nvim/lua/lazy/view/diff.lua
[17:39:06.952][info] [#0:script\workspace\loading.lua:101]: Preload file at: file:///c%3A/Users/mattia.dallantonia/AppData/Local/nvim-data/lazy/lazy.nvim/lua/lazy/view/float.lua , size = 5.769 KB
[17:39:06.952][info] [#0:script\workspace\loading.lua:113]: ++++As library of:	file:///c%3A/Users/mattia.dallantonia/AppData/Local/nvim-data/lazy/lazy.nvim/lua/lazy
[17:39:06.952][info] [#0:script\workspace\loading.lua:98]: Skip loaded file: file:///c%3A/Users/mattia.dallantonia/AppData/Local/nvim-data/lazy/lazy.nvim/lua/lazy/view/float.lua
[17:39:06.952][info] [#0:script\workspace\loading.lua:101]: Preload file at: file:///c%3A/Users/mattia.dallantonia/AppData/Local/nvim-data/lazy/lazy.nvim/lua/lazy/view/init.lua , size = 7.633 KB
[17:39:06.968][info] [#0:script\workspace\loading.lua:113]: ++++As library of:	file:///c%3A/Users/mattia.dallantonia/AppData/Local/nvim-data/lazy/lazy.nvim/lua/lazy
[17:39:06.968][info] [#0:script\workspace\loading.lua:98]: Skip loaded file: file:///c%3A/Users/mattia.dallantonia/AppData/Local/nvim-data/lazy/lazy.nvim/lua/lazy/view/init.lua
[17:39:06.968][info] [#0:script\workspace\loading.lua:101]: Preload file at: file:///c%3A/Users/mattia.dallantonia/AppData/Local/nvim-data/lazy/lazy.nvim/lua/lazy/view/render.lua , size = 21.058 KB
[17:39:06.999][info] [#0:script\workspace\loading.lua:113]: ++++As library of:	file:///c%3A/Users/mattia.dallantonia/AppData/Local/nvim-data/lazy/lazy.nvim/lua/lazy
[17:39:06.999][info] [#0:script\workspace\loading.lua:98]: Skip loaded file: file:///c%3A/Users/mattia.dallantonia/AppData/Local/nvim-data/lazy/lazy.nvim/lua/lazy/view/render.lua
[17:39:06.999][info] [#0:script\workspace\loading.lua:101]: Preload file at: file:///c%3A/Users/mattia.dallantonia/AppData/Local/nvim-data/lazy/lazy.nvim/lua/lazy/view/sections.lua , size = 2.355 KB
[17:39:06.999][info] [#0:script\workspace\loading.lua:113]: ++++As library of:	file:///c%3A/Users/mattia.dallantonia/AppData/Local/nvim-data/lazy/lazy.nvim/lua/lazy
[17:39:06.999][info] [#0:script\workspace\loading.lua:98]: Skip loaded file: file:///c%3A/Users/mattia.dallantonia/AppData/Local/nvim-data/lazy/lazy.nvim/lua/lazy/view/sections.lua
[17:39:06.999][info] [#0:script\workspace\loading.lua:101]: Preload file at: file:///c%3A/Users/mattia.dallantonia/AppData/Local/nvim-data/lazy/lazy.nvim/lua/lazy/view/text.lua , size = 3.707 KB
[17:39:06.999][info] [#0:script\workspace\loading.lua:113]: ++++As library of:	file:///c%3A/Users/mattia.dallantonia/AppData/Local/nvim-data/lazy/lazy.nvim/lua/lazy
[17:39:06.999][info] [#0:script\workspace\loading.lua:98]: Skip loaded file: file:///c%3A/Users/mattia.dallantonia/AppData/Local/nvim-data/lazy/lazy.nvim/lua/lazy/view/text.lua
[17:39:06.999][info] [#0:script\workspace\loading.lua:101]: Preload file at: file:///c%3A/Users/mattia.dallantonia/AppData/Local/nvim-data/mason/packages/lua-language-server/meta/Lua%205.4%20en-us%20utf8/string.lua , size = 6.302 KB
[17:39:07.015][info] [#0:script\workspace\loading.lua:113]: ++++As library of:	file:///c%3A/Users/mattia.dallantonia/AppData/Local/nvim-data/mason/packages/lua-language-server/meta/Lua%205.4%20en-us%20utf8/string.lua
[17:39:07.015][info] [#0:script\workspace\loading.lua:98]: Skip loaded file: file:///c%3A/Users/mattia.dallantonia/AppData/Local/nvim-data/mason/packages/lua-language-server/meta/Lua%205.4%20en-us%20utf8/string.lua
[17:39:07.015][info] [#0:script\workspace\loading.lua:101]: Preload file at: file:///c%3A/Users/mattia.dallantonia/AppData/Local/nvim-data/mason/packages/lua-language-server/meta/Lua%205.4%20en-us%20utf8/coroutine.lua , size = 2.590 KB
[17:39:07.015][info] [#0:script\workspace\loading.lua:113]: ++++As library of:	file:///c%3A/Users/mattia.dallantonia/AppData/Local/nvim-data/mason/packages/lua-language-server/meta/Lua%205.4%20en-us%20utf8/coroutine.lua
[17:39:07.015][info] [#0:script\workspace\loading.lua:98]: Skip loaded file: file:///c%3A/Users/mattia.dallantonia/AppData/Local/nvim-data/mason/packages/lua-language-server/meta/Lua%205.4%20en-us%20utf8/coroutine.lua
[17:39:07.015][info] [#0:script\workspace\loading.lua:101]: Preload file at: file:///c%3A/Users/mattia.dallantonia/AppData/Local/nvim-data/mason/packages/lua-language-server/meta/Lua%205.4%20en-us%20utf8/debug.lua , size = 7.637 KB
[17:39:07.031][info] [#0:script\workspace\loading.lua:113]: ++++As library of:	file:///c%3A/Users/mattia.dallantonia/AppData/Local/nvim-data/mason/packages/lua-language-server/meta/Lua%205.4%20en-us%20utf8/debug.lua
[17:39:07.031][info] [#0:script\workspace\loading.lua:101]: Preload file at: file:///c%3A/Users/mattia.dallantonia/AppData/Local/nvim/init.lua , size = 0.521 KB
[17:39:07.031][info] [#0:script\workspace\loading.lua:98]: Skip loaded file: file:///c%3A/Users/mattia.dallantonia/AppData/Local/nvim-data/mason/packages/lua-language-server/meta/Lua%205.4%20en-us%20utf8/debug.lua
[17:39:07.031][info] [#0:script\workspace\loading.lua:101]: Preload file at: file:///c%3A/Users/mattia.dallantonia/AppData/Local/nvim/lua/core/bootstrap.lua , size = 1.725 KB
[17:39:07.031][info] [#0:script\workspace\loading.lua:101]: Preload file at: file:///c%3A/Users/mattia.dallantonia/AppData/Local/nvim/lua/core/default_config.lua , size = 3.169 KB
[17:39:07.031][info] [#0:script\workspace\loading.lua:101]: Preload file at: file:///c%3A/Users/mattia.dallantonia/AppData/Local/nvim/lua/core/init.lua , size = 3.334 KB
[17:39:07.031][info] [#0:script\workspace\loading.lua:101]: Preload file at: file:///c%3A/Users/mattia.dallantonia/AppData/Local/nvim/lua/core/mappings.lua , size = 10.398 KB
[17:39:07.046][info] [#0:script\workspace\loading.lua:101]: Preload file at: file:///c%3A/Users/mattia.dallantonia/AppData/Local/nvim/lua/core/utils.lua , size = 3.576 KB
[17:39:07.046][info] [#0:script\workspace\loading.lua:101]: Preload file at: file:///c%3A/Users/mattia.dallantonia/AppData/Local/nvim/lua/plugins/configs/cmp.lua , size = 3.191 KB
[17:39:07.046][info] [#0:script\workspace\loading.lua:101]: Preload file at: file:///c%3A/Users/mattia.dallantonia/AppData/Local/nvim/lua/plugins/configs/lazy_nvim.lua , size = 0.867 KB
[17:39:07.046][info] [#0:script\workspace\loading.lua:101]: Preload file at: file:///c%3A/Users/mattia.dallantonia/AppData/Local/nvim/lua/plugins/configs/lspconfig.lua , size = 1.629 KB
[17:39:07.046][info] [#0:script\workspace\loading.lua:101]: Preload file at: file:///c%3A/Users/mattia.dallantonia/AppData/Local/nvim/lua/plugins/configs/mason.lua , size = 0.606 KB
[17:39:07.062][info] [#0:script\workspace\loading.lua:101]: Preload file at: file:///c%3A/Users/mattia.dallantonia/AppData/Local/nvim/lua/plugins/configs/others.lua , size = 1.982 KB
[17:39:07.062][info] [#0:script\workspace\loading.lua:101]: Preload file at: file:///c%3A/Users/mattia.dallantonia/AppData/Local/nvim/lua/plugins/configs/telescope.lua , size = 1.680 KB
[17:39:07.062][info] [#0:script\workspace\loading.lua:101]: Preload file at: file:///c%3A/Users/mattia.dallantonia/AppData/Local/nvim/lua/plugins/configs/treesitter.lua , size = 0.177 KB
[17:39:07.062][info] [#0:script\workspace\loading.lua:101]: Preload file at: file:///c%3A/Users/mattia.dallantonia/AppData/Local/nvim/lua/plugins/configs/whichkey.lua , size = 0.801 KB
[17:39:07.062][info] [#0:script\workspace\loading.lua:101]: Preload file at: file:///c%3A/Users/mattia.dallantonia/AppData/Local/nvim/lua/plugins/init.lua , size = 7.179 KB
[17:39:07.187][info] [#0:script\workspace\loading.lua:173]: Loaded files takes [1.801] sec: <fallback>
[17:39:07.187][info] [#0:script\workspace\loading.lua:182]: Compile files takes [0.000] sec: <fallback>
[17:39:07.187][info] [#0:script\workspace\loading.lua:183]: Loaded finish:	<fallback>
[17:39:07.187][info] [#0:script\workspace\workspace.lua:379]: Preload finish at:	<fallback>
[17:39:07.218][info] [#0:script\workspace\loading.lua:173]: Loaded files takes [1.837] sec: file:///c%3A/Users/mattia.dallantonia/AppData/Local/nvim
[17:39:07.218][info] [#0:script\workspace\loading.lua:182]: Compile files takes [0.000] sec: file:///c%3A/Users/mattia.dallantonia/AppData/Local/nvim
[17:39:07.218][info] [#0:script\workspace\loading.lua:183]: Loaded finish:	file:///c%3A/Users/mattia.dallantonia/AppData/Local/nvim
[17:39:07.218][info] [#0:script\workspace\workspace.lua:379]: Preload finish at:	file:///c%3A/Users/mattia.dallantonia/AppData/Local/nvim
[17:39:07.296][info] [#0:script\provider\diagnostic.lua:557]: Diagnostics scope [file:///c%3A/Users/mattia.dallantonia/AppData/Local/nvim], files count:[111]
[17:39:07.296][warn] [#0:script\proto\proto.lua:178]: Method [textDocument/didOpen] takes [2.270]sec. {
  jsonrpc = "2.0",
  method = "textDocument/didOpen",
  params = {
    textDocument = {
      languageId = "lua",
      text = '"***"',
      uri = "file:///C:/Users/mattia.dallantonia/AppData/Local/nvim/lua/plugins/configs/nvimtree.lua",
      version = 0
    }
  }
}
[17:39:07.843][warn] [#0:script\core\diagnostics\init.lua:136]: Diagnostics [assign-type-mismatch] @ [file:///c%3A/Users/mattia.dallantonia/AppData/Local/nvim/lua/plugins/configs/nvimtree.lua] takes [0.505] sec!
[17:39:08.327][info] [#0:script\provider\diagnostic.lua:574]: Diagnostics scope [file:///c%3A/Users/mattia.dallantonia/AppData/Local/nvim] finished, takes [1.039] sec.
[17:41:11.077][info] [#0:script\provider\diagnostic.lua:557]: Diagnostics scope [file:///c%3A/Users/mattia.dallantonia/AppData/Local/nvim], files count:[112]
[17:41:12.187][info] [#0:script\provider\diagnostic.lua:574]: Diagnostics scope [file:///c%3A/Users/mattia.dallantonia/AppData/Local/nvim] finished, takes [1.117] sec.
[17:41:13.093][warn] [#0:script\await.lua:186]: Await step takes [0.897] sec.
[17:42:20.343][info] [#0:script\provider\diagnostic.lua:171]: clearDiagnostics	file:///c%3A/Users/mattia.dallantonia/AppData/Local/nvim/lua/custom/configs/overrides.lua
[17:42:31.437][warn] [#0:script\provider\provider.lua:625]: Completion takes 0.487 sec.
[17:42:32.921][info] [#0:script\workspace\workspace.lua:282]: Scan files at:	file:///c%3A/Users/mattia.dallantonia/AppData/Local/nvim/lua/custom/configs/overrides.lua
[17:42:32.921][info] [#0:script\workspace\loading.lua:161]: Load files from disk:	file:///c%3A/Users/mattia.dallantonia/AppData/Local/nvim/lua/custom/configs/overrides.lua
[17:42:32.921][info] [#0:script\workspace\loading.lua:173]: Loaded files takes [0.000] sec: file:///c%3A/Users/mattia.dallantonia/AppData/Local/nvim/lua/custom/configs/overrides.lua
[17:42:32.921][info] [#0:script\workspace\loading.lua:182]: Compile files takes [0.000] sec: file:///c%3A/Users/mattia.dallantonia/AppData/Local/nvim/lua/custom/configs/overrides.lua
[17:42:32.921][info] [#0:script\workspace\loading.lua:183]: Loaded finish:	file:///c%3A/Users/mattia.dallantonia/AppData/Local/nvim/lua/custom/configs/overrides.lua
[17:42:35.671][info] [#0:script\provider\diagnostic.lua:557]: Diagnostics scope [file:///c%3A/Users/mattia.dallantonia/AppData/Local/nvim], files count:[112]
[17:42:36.124][info] [#0:script\provider\diagnostic.lua:574]: Diagnostics scope [file:///c%3A/Users/mattia.dallantonia/AppData/Local/nvim] finished, takes [0.454] sec.
